<?xml version="1.0" encoding="UTF-8"?>
<testsuite xmlns:xsi="http://www.w3.org/2001/XMLSchema-instance" xsi:noNamespaceSchemaLocation="https://maven.apache.org/surefire/maven-surefire-plugin/xsd/surefire-test-report-3.0.xsd" version="3.0" name="SearchTest" time="14.057" tests="1" errors="0" skipped="0" failures="0">
  <properties>
[...]
</properties>
  <testcase name="testSearch" classname="SearchTest" time="14.043">
    <system-out><![CDATA[Resultado:Recomendaciones
CASA DE PLAYA
Villa Kantounes Studio Ostria
1.5
Punta del Este. MOSTRAR EN EL MAPA
Lorem Ipsum is simply dummy text of the printing and typesetting industry. Lorem Ipsum has been the industry's standard dummy text ever since the 1500s, when an unknown printer took a galley of type and scrambled it to make a type specimen book. It has survived not only five centuries, but also the leap into electronic typesetting, remaining essentially unchanged. It was popularised in the 1960s with the release of Letraset sheets containing Lorem Ipsum passages, and more recently with desktop publishing software like Aldus PageMaker including versions of Lorem Ipsum. Lorem Ipsum is simply dummy text of the printing and typesetting industry. Lorem Ipsum has been the industry's standard dummy text ever since the 1500s, when an unknown printer took a galley of type and scrambled it to make a type specimen book. It has survived not only five centuries, but also the leap into electronic typesetting, remaining essentially unchanged. It was popularised in the 1960s with the release of Letraset sheets containing Lorem Ipsum passages, and more recently with desktop publishing software like Aldus PageMaker including versions of Lorem Ipsum.
Ver más...
Ver detalle
]]></system-out>
    <system-err><![CDATA[1661390136367	geckodriver	INFO	Listening on 127.0.0.1:40309
1661390137327	mozrunner::runner	INFO	Running command: "C:\\Program Files\\Mozilla Firefox\\firefox.exe" "--marionette" "-no-remote" "-profile" "B:\\TMP\\rust_mozprofileK3lwYe"
1661390138025	Marionette	INFO	Marionette enabled
1661390138030	Marionette	INFO	Listening on port 5349
1661390138723	RemoteAgent	WARN	TLS certificate errors will be ignored for this session
console.warn: SearchSettings: "get: No settings file exists, new profile?" (new NotFoundError("Could not open the file at B:\\TMP\\rust_mozprofileK3lwYe\\search.json.mozlz4", (void 0)))
ago 24, 2022 10:15:40 PM org.openqa.selenium.remote.ProtocolHandshake createSession
INFO: Detected dialect: W3C
console.warn: LoginRecipes: "Falling back to a synchronous message for: http://fe.deitech.online."
1661390147222	Marionette	INFO	Stopped listening on port 5349
]]></system-err>
  </testcase>
</testsuite>